This is pdfTeX, Version 3.14159265-2.6-1.40.16 (TeX Live 2015/Debian) (preloaded format=pdflatex 2018.10.15)  19 NOV 2018 18:22
entering extended mode
 restricted \write18 enabled.
 %&-line parsing enabled.
**/home/mega/Documents/elir_actuation_final_report/ChapterFour
(/home/mega/Documents/elir_actuation_final_report/ChapterFour.tex
LaTeX2e <2016/02/01>
Babel <3.9q> and hyphenation patterns for 81 language(s) loaded.
! Undefined control sequence.
l.1 \chapter
            {Resultados} 
Here is how much of TeX's memory you used:
 6 strings out of 493029
 295 string characters out of 6136233
 53090 words of memory out of 5000000
 3641 multiletter control sequences out of 15000+600000
 3640 words of font info for 14 fonts, out of 8000000 for 9000
 1141 hyphenation exceptions out of 8191
 5i,0n,1p,83b,8s stack positions out of 5000i,500n,10000p,200000b,80000s

!  ==> Fatal error occurred, no output PDF file produced!
